<?xml version="1.0" encoding="UTF-8"?>
<testsuite xmlns:xsi="http://www.w3.org/2001/XMLSchema-instance" xsi:noNamespaceSchemaLocation="https://maven.apache.org/surefire/maven-surefire-plugin/xsd/surefire-test-report.xsd" name="com.example.demo.SpringBootDemoApplicationTests" time="4.865" tests="1" errors="0" skipped="0" failures="0">
  <properties>
    <property name="gopherProxySet" value="false"/>
    <property name="awt.toolkit" value="sun.lwawt.macosx.LWCToolkit"/>
    <property name="file.encoding.pkg" value="sun.io"/>
    <property name="java.specification.version" value="1.8"/>
    <property name="sun.cpu.isalist" value=""/>
    <property name="sun.jnu.encoding" value="UTF-8"/>
    <property name="java.class.path" value="/Users/xiaoxuxuy/Downloads/Gitee Go示例代码源/spring-boot/target/test-classes:/Users/xiaoxuxuy/Downloads/Gitee Go示例代码源/spring-boot/target/classes:/Users/xiaoxuxuy/Desktop/工作/Env/apache-maven-3.8.1/local-maven-repository/org/springframework/boot/spring-boot-starter-web/1.5.9.RELEASE/spring-boot-starter-web-1.5.9.RELEASE.jar:/Users/xiaoxuxuy/Desktop/工作/Env/apache-maven-3.8.1/local-maven-repository/org/springframework/boot/spring-boot-starter/1.5.9.RELEASE/spring-boot-starter-1.5.9.RELEASE.jar:/Users/xiaoxuxuy/Desktop/工作/Env/apache-maven-3.8.1/local-maven-repository/org/springframework/boot/spring-boot/1.5.9.RELEASE/spring-boot-1.5.9.RELEASE.jar:/Users/xiaoxuxuy/Desktop/工作/Env/apache-maven-3.8.1/local-maven-repository/org/springframework/boot/spring-boot-autoconfigure/1.5.9.RELEASE/spring-boot-autoconfigure-1.5.9.RELEASE.jar:/Users/xiaoxuxuy/Desktop/工作/Env/apache-maven-3.8.1/local-maven-repository/org/springframework/boot/spring-boot-starter-logging/1.5.9.RELEASE/spring-boot-starter-logging-1.5.9.RELEASE.jar:/Users/xiaoxuxuy/Desktop/工作/Env/apache-maven-3.8.1/local-maven-repository/ch/qos/logback/logback-classic/1.1.11/logback-classic-1.1.11.jar:/Users/xiaoxuxuy/Desktop/工作/Env/apache-maven-3.8.1/local-maven-repository/ch/qos/logback/logback-core/1.1.11/logback-core-1.1.11.jar:/Users/xiaoxuxuy/Desktop/工作/Env/apache-maven-3.8.1/local-maven-repository/org/slf4j/jcl-over-slf4j/1.7.25/jcl-over-slf4j-1.7.25.jar:/Users/xiaoxuxuy/Desktop/工作/Env/apache-maven-3.8.1/local-maven-repository/org/slf4j/jul-to-slf4j/1.7.25/jul-to-slf4j-1.7.25.jar:/Users/xiaoxuxuy/Desktop/工作/Env/apache-maven-3.8.1/local-maven-repository/org/slf4j/log4j-over-slf4j/1.7.25/log4j-over-slf4j-1.7.25.jar:/Users/xiaoxuxuy/Desktop/工作/Env/apache-maven-3.8.1/local-maven-repository/org/yaml/snakeyaml/1.17/snakeyaml-1.17.jar:/Users/xiaoxuxuy/Desktop/工作/Env/apache-maven-3.8.1/local-maven-repository/org/springframework/boot/spring-boot-starter-tomcat/1.5.9.RELEASE/spring-boot-starter-tomcat-1.5.9.RELEASE.jar:/Users/xiaoxuxuy/Desktop/工作/Env/apache-maven-3.8.1/local-maven-repository/org/apache/tomcat/embed/tomcat-embed-core/8.5.23/tomcat-embed-core-8.5.23.jar:/Users/xiaoxuxuy/Desktop/工作/Env/apache-maven-3.8.1/local-maven-repository/org/apache/tomcat/tomcat-annotations-api/8.5.23/tomcat-annotations-api-8.5.23.jar:/Users/xiaoxuxuy/Desktop/工作/Env/apache-maven-3.8.1/local-maven-repository/org/apache/tomcat/embed/tomcat-embed-el/8.5.23/tomcat-embed-el-8.5.23.jar:/Users/xiaoxuxuy/Desktop/工作/Env/apache-maven-3.8.1/local-maven-repository/org/apache/tomcat/embed/tomcat-embed-websocket/8.5.23/tomcat-embed-websocket-8.5.23.jar:/Users/xiaoxuxuy/Desktop/工作/Env/apache-maven-3.8.1/local-maven-repository/org/hibernate/hibernate-validator/5.3.6.Final/hibernate-validator-5.3.6.Final.jar:/Users/xiaoxuxuy/Desktop/工作/Env/apache-maven-3.8.1/local-maven-repository/javax/validation/validation-api/1.1.0.Final/validation-api-1.1.0.Final.jar:/Users/xiaoxuxuy/Desktop/工作/Env/apache-maven-3.8.1/local-maven-repository/org/jboss/logging/jboss-logging/3.3.1.Final/jboss-logging-3.3.1.Final.jar:/Users/xiaoxuxuy/Desktop/工作/Env/apache-maven-3.8.1/local-maven-repository/com/fasterxml/classmate/1.3.4/classmate-1.3.4.jar:/Users/xiaoxuxuy/Desktop/工作/Env/apache-maven-3.8.1/local-maven-repository/com/fasterxml/jackson/core/jackson-databind/2.8.10/jackson-databind-2.8.10.jar:/Users/xiaoxuxuy/Desktop/工作/Env/apache-maven-3.8.1/local-maven-repository/com/fasterxml/jackson/core/jackson-annotations/2.8.0/jackson-annotations-2.8.0.jar:/Users/xiaoxuxuy/Desktop/工作/Env/apache-maven-3.8.1/local-maven-repository/com/fasterxml/jackson/core/jackson-core/2.8.10/jackson-core-2.8.10.jar:/Users/xiaoxuxuy/Desktop/工作/Env/apache-maven-3.8.1/local-maven-repository/org/springframework/spring-web/4.3.13.RELEASE/spring-web-4.3.13.RELEASE.jar:/Users/xiaoxuxuy/Desktop/工作/Env/apache-maven-3.8.1/local-maven-repository/org/springframework/spring-aop/4.3.13.RELEASE/spring-aop-4.3.13.RELEASE.jar:/Users/xiaoxuxuy/Desktop/工作/Env/apache-maven-3.8.1/local-maven-repository/org/springframework/spring-beans/4.3.13.RELEASE/spring-beans-4.3.13.RELEASE.jar:/Users/xiaoxuxuy/Desktop/工作/Env/apache-maven-3.8.1/local-maven-repository/org/springframework/spring-context/4.3.13.RELEASE/spring-context-4.3.13.RELEASE.jar:/Users/xiaoxuxuy/Desktop/工作/Env/apache-maven-3.8.1/local-maven-repository/org/springframework/spring-webmvc/4.3.13.RELEASE/spring-webmvc-4.3.13.RELEASE.jar:/Users/xiaoxuxuy/Desktop/工作/Env/apache-maven-3.8.1/local-maven-repository/org/springframework/spring-expression/4.3.13.RELEASE/spring-expression-4.3.13.RELEASE.jar:/Users/xiaoxuxuy/Desktop/工作/Env/apache-maven-3.8.1/local-maven-repository/org/projectlombok/lombok/1.16.22/lombok-1.16.22.jar:/Users/xiaoxuxuy/Desktop/工作/Env/apache-maven-3.8.1/local-maven-repository/org/springframework/boot/spring-boot-starter-test/1.5.9.RELEASE/spring-boot-starter-test-1.5.9.RELEASE.jar:/Users/xiaoxuxuy/Desktop/工作/Env/apache-maven-3.8.1/local-maven-repository/org/springframework/boot/spring-boot-test/1.5.9.RELEASE/spring-boot-test-1.5.9.RELEASE.jar:/Users/xiaoxuxuy/Desktop/工作/Env/apache-maven-3.8.1/local-maven-repository/org/springframework/boot/spring-boot-test-autoconfigure/1.5.9.RELEASE/spring-boot-test-autoconfigure-1.5.9.RELEASE.jar:/Users/xiaoxuxuy/Desktop/工作/Env/apache-maven-3.8.1/local-maven-repository/com/jayway/jsonpath/json-path/2.2.0/json-path-2.2.0.jar:/Users/xiaoxuxuy/Desktop/工作/Env/apache-maven-3.8.1/local-maven-repository/net/minidev/json-smart/2.2.1/json-smart-2.2.1.jar:/Users/xiaoxuxuy/Desktop/工作/Env/apache-maven-3.8.1/local-maven-repository/net/minidev/accessors-smart/1.1/accessors-smart-1.1.jar:/Users/xiaoxuxuy/Desktop/工作/Env/apache-maven-3.8.1/local-maven-repository/org/ow2/asm/asm/5.0.3/asm-5.0.3.jar:/Users/xiaoxuxuy/Desktop/工作/Env/apache-maven-3.8.1/local-maven-repository/org/slf4j/slf4j-api/1.7.25/slf4j-api-1.7.25.jar:/Users/xiaoxuxuy/Desktop/工作/Env/apache-maven-3.8.1/local-maven-repository/junit/junit/4.12/junit-4.12.jar:/Users/xiaoxuxuy/Desktop/工作/Env/apache-maven-3.8.1/local-maven-repository/org/assertj/assertj-core/2.6.0/assertj-core-2.6.0.jar:/Users/xiaoxuxuy/Desktop/工作/Env/apache-maven-3.8.1/local-maven-repository/org/mockito/mockito-core/1.10.19/mockito-core-1.10.19.jar:/Users/xiaoxuxuy/Desktop/工作/Env/apache-maven-3.8.1/local-maven-repository/org/objenesis/objenesis/2.1/objenesis-2.1.jar:/Users/xiaoxuxuy/Desktop/工作/Env/apache-maven-3.8.1/local-maven-repository/org/hamcrest/hamcrest-core/1.3/hamcrest-core-1.3.jar:/Users/xiaoxuxuy/Desktop/工作/Env/apache-maven-3.8.1/local-maven-repository/org/hamcrest/hamcrest-library/1.3/hamcrest-library-1.3.jar:/Users/xiaoxuxuy/Desktop/工作/Env/apache-maven-3.8.1/local-maven-repository/org/skyscreamer/jsonassert/1.4.0/jsonassert-1.4.0.jar:/Users/xiaoxuxuy/Desktop/工作/Env/apache-maven-3.8.1/local-maven-repository/com/vaadin/external/google/android-json/0.0.20131108.vaadin1/android-json-0.0.20131108.vaadin1.jar:/Users/xiaoxuxuy/Desktop/工作/Env/apache-maven-3.8.1/local-maven-repository/org/springframework/spring-core/4.3.13.RELEASE/spring-core-4.3.13.RELEASE.jar:/Users/xiaoxuxuy/Desktop/工作/Env/apache-maven-3.8.1/local-maven-repository/org/springframework/spring-test/4.3.13.RELEASE/spring-test-4.3.13.RELEASE.jar:"/>
    <property name="java.vm.vendor" value="Oracle Corporation"/>
    <property name="sun.arch.data.model" value="64"/>
    <property name="java.vendor.url" value="http://java.oracle.com/"/>
    <property name="user.timezone" value=""/>
    <property name="java.vm.specification.version" value="1.8"/>
    <property name="os.name" value="Mac OS X"/>
    <property name="user.country" value="CN"/>
    <property name="sun.java.launcher" value="SUN_STANDARD"/>
    <property name="sun.boot.library.path" value="/Library/Java/JavaVirtualMachines/jdk1.8.0_271.jdk/Contents/Home/jre/lib"/>
    <property name="sun.java.command" value="/Users/xiaoxuxuy/Downloads/Gitee Go示例代码源/spring-boot/target/surefire/surefirebooter4444590164819913556.jar /Users/xiaoxuxuy/Downloads/Gitee Go示例代码源/spring-boot/target/surefire 2022-09-30T11-48-01_359-jvmRun1 surefire2572987298104715704tmp surefire_04050186393471486506tmp"/>
    <property name="http.nonProxyHosts" value="192.168.0.0/16|*.192.168.0.0/16|10.0.0.0/8|*.10.0.0.0/8|172.16.0.0/12|*.172.16.0.0/12|127.0.0.1|localhost|*.localhost|local|*.local"/>
    <property name="surefire.test.class.path" value="/Users/xiaoxuxuy/Downloads/Gitee Go示例代码源/spring-boot/target/test-classes:/Users/xiaoxuxuy/Downloads/Gitee Go示例代码源/spring-boot/target/classes:/Users/xiaoxuxuy/Desktop/工作/Env/apache-maven-3.8.1/local-maven-repository/org/springframework/boot/spring-boot-starter-web/1.5.9.RELEASE/spring-boot-starter-web-1.5.9.RELEASE.jar:/Users/xiaoxuxuy/Desktop/工作/Env/apache-maven-3.8.1/local-maven-repository/org/springframework/boot/spring-boot-starter/1.5.9.RELEASE/spring-boot-starter-1.5.9.RELEASE.jar:/Users/xiaoxuxuy/Desktop/工作/Env/apache-maven-3.8.1/local-maven-repository/org/springframework/boot/spring-boot/1.5.9.RELEASE/spring-boot-1.5.9.RELEASE.jar:/Users/xiaoxuxuy/Desktop/工作/Env/apache-maven-3.8.1/local-maven-repository/org/springframework/boot/spring-boot-autoconfigure/1.5.9.RELEASE/spring-boot-autoconfigure-1.5.9.RELEASE.jar:/Users/xiaoxuxuy/Desktop/工作/Env/apache-maven-3.8.1/local-maven-repository/org/springframework/boot/spring-boot-starter-logging/1.5.9.RELEASE/spring-boot-starter-logging-1.5.9.RELEASE.jar:/Users/xiaoxuxuy/Desktop/工作/Env/apache-maven-3.8.1/local-maven-repository/ch/qos/logback/logback-classic/1.1.11/logback-classic-1.1.11.jar:/Users/xiaoxuxuy/Desktop/工作/Env/apache-maven-3.8.1/local-maven-repository/ch/qos/logback/logback-core/1.1.11/logback-core-1.1.11.jar:/Users/xiaoxuxuy/Desktop/工作/Env/apache-maven-3.8.1/local-maven-repository/org/slf4j/jcl-over-slf4j/1.7.25/jcl-over-slf4j-1.7.25.jar:/Users/xiaoxuxuy/Desktop/工作/Env/apache-maven-3.8.1/local-maven-repository/org/slf4j/jul-to-slf4j/1.7.25/jul-to-slf4j-1.7.25.jar:/Users/xiaoxuxuy/Desktop/工作/Env/apache-maven-3.8.1/local-maven-repository/org/slf4j/log4j-over-slf4j/1.7.25/log4j-over-slf4j-1.7.25.jar:/Users/xiaoxuxuy/Desktop/工作/Env/apache-maven-3.8.1/local-maven-repository/org/yaml/snakeyaml/1.17/snakeyaml-1.17.jar:/Users/xiaoxuxuy/Desktop/工作/Env/apache-maven-3.8.1/local-maven-repository/org/springframework/boot/spring-boot-starter-tomcat/1.5.9.RELEASE/spring-boot-starter-tomcat-1.5.9.RELEASE.jar:/Users/xiaoxuxuy/Desktop/工作/Env/apache-maven-3.8.1/local-maven-repository/org/apache/tomcat/embed/tomcat-embed-core/8.5.23/tomcat-embed-core-8.5.23.jar:/Users/xiaoxuxuy/Desktop/工作/Env/apache-maven-3.8.1/local-maven-repository/org/apache/tomcat/tomcat-annotations-api/8.5.23/tomcat-annotations-api-8.5.23.jar:/Users/xiaoxuxuy/Desktop/工作/Env/apache-maven-3.8.1/local-maven-repository/org/apache/tomcat/embed/tomcat-embed-el/8.5.23/tomcat-embed-el-8.5.23.jar:/Users/xiaoxuxuy/Desktop/工作/Env/apache-maven-3.8.1/local-maven-repository/org/apache/tomcat/embed/tomcat-embed-websocket/8.5.23/tomcat-embed-websocket-8.5.23.jar:/Users/xiaoxuxuy/Desktop/工作/Env/apache-maven-3.8.1/local-maven-repository/org/hibernate/hibernate-validator/5.3.6.Final/hibernate-validator-5.3.6.Final.jar:/Users/xiaoxuxuy/Desktop/工作/Env/apache-maven-3.8.1/local-maven-repository/javax/validation/validation-api/1.1.0.Final/validation-api-1.1.0.Final.jar:/Users/xiaoxuxuy/Desktop/工作/Env/apache-maven-3.8.1/local-maven-repository/org/jboss/logging/jboss-logging/3.3.1.Final/jboss-logging-3.3.1.Final.jar:/Users/xiaoxuxuy/Desktop/工作/Env/apache-maven-3.8.1/local-maven-repository/com/fasterxml/classmate/1.3.4/classmate-1.3.4.jar:/Users/xiaoxuxuy/Desktop/工作/Env/apache-maven-3.8.1/local-maven-repository/com/fasterxml/jackson/core/jackson-databind/2.8.10/jackson-databind-2.8.10.jar:/Users/xiaoxuxuy/Desktop/工作/Env/apache-maven-3.8.1/local-maven-repository/com/fasterxml/jackson/core/jackson-annotations/2.8.0/jackson-annotations-2.8.0.jar:/Users/xiaoxuxuy/Desktop/工作/Env/apache-maven-3.8.1/local-maven-repository/com/fasterxml/jackson/core/jackson-core/2.8.10/jackson-core-2.8.10.jar:/Users/xiaoxuxuy/Desktop/工作/Env/apache-maven-3.8.1/local-maven-repository/org/springframework/spring-web/4.3.13.RELEASE/spring-web-4.3.13.RELEASE.jar:/Users/xiaoxuxuy/Desktop/工作/Env/apache-maven-3.8.1/local-maven-repository/org/springframework/spring-aop/4.3.13.RELEASE/spring-aop-4.3.13.RELEASE.jar:/Users/xiaoxuxuy/Desktop/工作/Env/apache-maven-3.8.1/local-maven-repository/org/springframework/spring-beans/4.3.13.RELEASE/spring-beans-4.3.13.RELEASE.jar:/Users/xiaoxuxuy/Desktop/工作/Env/apache-maven-3.8.1/local-maven-repository/org/springframework/spring-context/4.3.13.RELEASE/spring-context-4.3.13.RELEASE.jar:/Users/xiaoxuxuy/Desktop/工作/Env/apache-maven-3.8.1/local-maven-repository/org/springframework/spring-webmvc/4.3.13.RELEASE/spring-webmvc-4.3.13.RELEASE.jar:/Users/xiaoxuxuy/Desktop/工作/Env/apache-maven-3.8.1/local-maven-repository/org/springframework/spring-expression/4.3.13.RELEASE/spring-expression-4.3.13.RELEASE.jar:/Users/xiaoxuxuy/Desktop/工作/Env/apache-maven-3.8.1/local-maven-repository/org/projectlombok/lombok/1.16.22/lombok-1.16.22.jar:/Users/xiaoxuxuy/Desktop/工作/Env/apache-maven-3.8.1/local-maven-repository/org/springframework/boot/spring-boot-starter-test/1.5.9.RELEASE/spring-boot-starter-test-1.5.9.RELEASE.jar:/Users/xiaoxuxuy/Desktop/工作/Env/apache-maven-3.8.1/local-maven-repository/org/springframework/boot/spring-boot-test/1.5.9.RELEASE/spring-boot-test-1.5.9.RELEASE.jar:/Users/xiaoxuxuy/Desktop/工作/Env/apache-maven-3.8.1/local-maven-repository/org/springframework/boot/spring-boot-test-autoconfigure/1.5.9.RELEASE/spring-boot-test-autoconfigure-1.5.9.RELEASE.jar:/Users/xiaoxuxuy/Desktop/工作/Env/apache-maven-3.8.1/local-maven-repository/com/jayway/jsonpath/json-path/2.2.0/json-path-2.2.0.jar:/Users/xiaoxuxuy/Desktop/工作/Env/apache-maven-3.8.1/local-maven-repository/net/minidev/json-smart/2.2.1/json-smart-2.2.1.jar:/Users/xiaoxuxuy/Desktop/工作/Env/apache-maven-3.8.1/local-maven-repository/net/minidev/accessors-smart/1.1/accessors-smart-1.1.jar:/Users/xiaoxuxuy/Desktop/工作/Env/apache-maven-3.8.1/local-maven-repository/org/ow2/asm/asm/5.0.3/asm-5.0.3.jar:/Users/xiaoxuxuy/Desktop/工作/Env/apache-maven-3.8.1/local-maven-repository/org/slf4j/slf4j-api/1.7.25/slf4j-api-1.7.25.jar:/Users/xiaoxuxuy/Desktop/工作/Env/apache-maven-3.8.1/local-maven-repository/junit/junit/4.12/junit-4.12.jar:/Users/xiaoxuxuy/Desktop/工作/Env/apache-maven-3.8.1/local-maven-repository/org/assertj/assertj-core/2.6.0/assertj-core-2.6.0.jar:/Users/xiaoxuxuy/Desktop/工作/Env/apache-maven-3.8.1/local-maven-repository/org/mockito/mockito-core/1.10.19/mockito-core-1.10.19.jar:/Users/xiaoxuxuy/Desktop/工作/Env/apache-maven-3.8.1/local-maven-repository/org/objenesis/objenesis/2.1/objenesis-2.1.jar:/Users/xiaoxuxuy/Desktop/工作/Env/apache-maven-3.8.1/local-maven-repository/org/hamcrest/hamcrest-core/1.3/hamcrest-core-1.3.jar:/Users/xiaoxuxuy/Desktop/工作/Env/apache-maven-3.8.1/local-maven-repository/org/hamcrest/hamcrest-library/1.3/hamcrest-library-1.3.jar:/Users/xiaoxuxuy/Desktop/工作/Env/apache-maven-3.8.1/local-maven-repository/org/skyscreamer/jsonassert/1.4.0/jsonassert-1.4.0.jar:/Users/xiaoxuxuy/Desktop/工作/Env/apache-maven-3.8.1/local-maven-repository/com/vaadin/external/google/android-json/0.0.20131108.vaadin1/android-json-0.0.20131108.vaadin1.jar:/Users/xiaoxuxuy/Desktop/工作/Env/apache-maven-3.8.1/local-maven-repository/org/springframework/spring-core/4.3.13.RELEASE/spring-core-4.3.13.RELEASE.jar:/Users/xiaoxuxuy/Desktop/工作/Env/apache-maven-3.8.1/local-maven-repository/org/springframework/spring-test/4.3.13.RELEASE/spring-test-4.3.13.RELEASE.jar:"/>
    <property name="sun.cpu.endian" value="little"/>
    <property name="user.home" value="/Users/xiaoxuxuy"/>
    <property name="user.language" value="zh"/>
    <property name="java.specification.vendor" value="Oracle Corporation"/>
    <property name="java.home" value="/Library/Java/JavaVirtualMachines/jdk1.8.0_271.jdk/Contents/Home/jre"/>
    <property name="basedir" value="/Users/xiaoxuxuy/Downloads/Gitee Go示例代码源/spring-boot"/>
    <property name="file.separator" value="/"/>
    <property name="line.separator" value="&#10;"/>
    <property name="java.vm.specification.vendor" value="Oracle Corporation"/>
    <property name="java.specification.name" value="Java Platform API Specification"/>
    <property name="java.awt.graphicsenv" value="sun.awt.CGraphicsEnvironment"/>
    <property name="surefire.real.class.path" value="/Users/xiaoxuxuy/Downloads/Gitee Go示例代码源/spring-boot/target/surefire/surefirebooter4444590164819913556.jar:/Users/xiaoxuxuy/Desktop/工作/Env/apache-maven-3.8.1/local-maven-repository/org/jacoco/org.jacoco.agent/0.7.9/org.jacoco.agent-0.7.9-runtime.jar"/>
    <property name="sun.boot.class.path" value="/Library/Java/JavaVirtualMachines/jdk1.8.0_271.jdk/Contents/Home/jre/lib/resources.jar:/Library/Java/JavaVirtualMachines/jdk1.8.0_271.jdk/Contents/Home/jre/lib/rt.jar:/Library/Java/JavaVirtualMachines/jdk1.8.0_271.jdk/Contents/Home/jre/lib/sunrsasign.jar:/Library/Java/JavaVirtualMachines/jdk1.8.0_271.jdk/Contents/Home/jre/lib/jsse.jar:/Library/Java/JavaVirtualMachines/jdk1.8.0_271.jdk/Contents/Home/jre/lib/jce.jar:/Library/Java/JavaVirtualMachines/jdk1.8.0_271.jdk/Contents/Home/jre/lib/charsets.jar:/Library/Java/JavaVirtualMachines/jdk1.8.0_271.jdk/Contents/Home/jre/lib/jfr.jar:/Library/Java/JavaVirtualMachines/jdk1.8.0_271.jdk/Contents/Home/jre/classes"/>
    <property name="sun.management.compiler" value="HotSpot 64-Bit Tiered Compilers"/>
    <property name="ftp.nonProxyHosts" value="192.168.0.0/16|*.192.168.0.0/16|10.0.0.0/8|*.10.0.0.0/8|172.16.0.0/12|*.172.16.0.0/12|127.0.0.1|localhost|*.localhost|local|*.local"/>
    <property name="java.runtime.version" value="1.8.0_271-b09"/>
    <property name="user.name" value="xiaoxuxuy"/>
    <property name="path.separator" value=":"/>
    <property name="os.version" value="10.16"/>
    <property name="java.endorsed.dirs" value="/Library/Java/JavaVirtualMachines/jdk1.8.0_271.jdk/Contents/Home/jre/lib/endorsed"/>
    <property name="java.runtime.name" value="Java(TM) SE Runtime Environment"/>
    <property name="file.encoding" value="UTF-8"/>
    <property name="java.vm.name" value="Java HotSpot(TM) 64-Bit Server VM"/>
    <property name="localRepository" value="/Users/xiaoxuxuy/Desktop/工作/Env/apache-maven-3.8.1/local-maven-repository"/>
    <property name="java.vendor.url.bug" value="http://bugreport.sun.com/bugreport/"/>
    <property name="java.io.tmpdir" value="/var/folders/vv/nll3fs8j48nc1l7pbjyjyxq80000gn/T/"/>
    <property name="java.version" value="1.8.0_271"/>
    <property name="user.dir" value="/Users/xiaoxuxuy/Downloads/Gitee Go示例代码源/spring-boot"/>
    <property name="os.arch" value="x86_64"/>
    <property name="java.vm.specification.name" value="Java Virtual Machine Specification"/>
    <property name="java.awt.printerjob" value="sun.lwawt.macosx.CPrinterJob"/>
    <property name="sun.os.patch.level" value="unknown"/>
    <property name="java.library.path" value="/Users/xiaoxuxuy/Library/Java/Extensions:/Library/Java/Extensions:/Network/Library/Java/Extensions:/System/Library/Java/Extensions:/usr/lib/java:."/>
    <property name="java.vm.info" value="mixed mode"/>
    <property name="java.vendor" value="Oracle Corporation"/>
    <property name="java.vm.version" value="25.271-b09"/>
    <property name="java.ext.dirs" value="/Users/xiaoxuxuy/Library/Java/Extensions:/Library/Java/JavaVirtualMachines/jdk1.8.0_271.jdk/Contents/Home/jre/lib/ext:/Library/Java/Extensions:/Network/Library/Java/Extensions:/System/Library/Java/Extensions:/usr/lib/java"/>
    <property name="sun.io.unicode.encoding" value="UnicodeBig"/>
    <property name="java.class.version" value="52.0"/>
    <property name="maven.test.failure.ignore" value="true"/>
    <property name="socksNonProxyHosts" value="192.168.0.0/16|*.192.168.0.0/16|10.0.0.0/8|*.10.0.0.0/8|172.16.0.0/12|*.172.16.0.0/12|127.0.0.1|localhost|*.localhost|local|*.local"/>
  </properties>
  <testcase name="contextLoads" classname="com.example.demo.SpringBootDemoApplicationTests" time="0.073"/>
</testsuite>